<?xml version="1.0" encoding="UTF-8"?>
<coverage generated="1768765552919" clover="3.2.0">
  <project timestamp="1768765552921" name="All files">
    <metrics statements="133" coveredstatements="129" conditionals="90" coveredconditionals="83" methods="23" coveredmethods="21" elements="246" coveredelements="233" complexity="0" loc="133" ncloc="133" packages="4" files="4" classes="4"/>
    <package name="src">
      <metrics statements="7" coveredstatements="6" conditionals="0" coveredconditionals="0" methods="1" coveredmethods="0"/>
      <file name="app.ts" path="C:\Projects\Abra\Final Project\Team_1_Time_Reporting_System\backend\src\app.ts">
        <metrics statements="7" coveredstatements="6" conditionals="0" coveredconditionals="0" methods="1" coveredmethods="0"/>
        <line num="6" count="1" type="stmt"/>
        <line num="8" count="1" type="stmt"/>
        <line num="9" count="1" type="stmt"/>
        <line num="11" count="1" type="stmt"/>
        <line num="12" count="0" type="stmt"/>
        <line num="16" count="1" type="stmt"/>
        <line num="18" count="1" type="stmt"/>
      </file>
    </package>
    <package name="src.middleware">
      <metrics statements="15" coveredstatements="13" conditionals="5" coveredconditionals="4" methods="2" coveredmethods="2"/>
      <file name="ErrorHandler.ts" path="C:\Projects\Abra\Final Project\Team_1_Time_Reporting_System\backend\src\middleware\ErrorHandler.ts">
        <metrics statements="15" coveredstatements="13" conditionals="5" coveredconditionals="4" methods="2" coveredmethods="2"/>
        <line num="7" count="16" type="stmt"/>
        <line num="8" count="16" type="stmt"/>
        <line num="9" count="16" type="cond" truecount="1" falsecount="0"/>
        <line num="10" count="16" type="stmt"/>
        <line num="12" count="16" type="stmt"/>
        <line num="13" count="16" type="stmt"/>
        <line num="17" count="2" type="stmt"/>
        <line num="24" count="17" type="cond" truecount="2" falsecount="0"/>
        <line num="25" count="6" type="stmt"/>
        <line num="32" count="6" type="stmt"/>
        <line num="36" count="11" type="cond" truecount="1" falsecount="1"/>
        <line num="37" count="11" type="stmt"/>
        <line num="44" count="11" type="stmt"/>
        <line num="48" count="0" type="stmt"/>
        <line num="49" count="0" type="stmt"/>
      </file>
    </package>
    <package name="src.routes">
      <metrics statements="107" coveredstatements="106" conditionals="81" coveredconditionals="75" methods="18" coveredmethods="17"/>
      <file name="Attendance.ts" path="C:\Projects\Abra\Final Project\Team_1_Time_Reporting_System\backend\src\routes\Attendance.ts">
        <metrics statements="107" coveredstatements="106" conditionals="81" coveredconditionals="75" methods="18" coveredmethods="17"/>
        <line num="7" count="2" type="stmt"/>
        <line num="8" count="2" type="stmt"/>
        <line num="17" count="2" type="stmt"/>
        <line num="24" count="29" type="stmt"/>
        <line num="25" count="29" type="cond" truecount="2" falsecount="0"/>
        <line num="26" count="5" type="stmt"/>
        <line num="28" count="24" type="stmt"/>
        <line num="29" count="24" type="stmt"/>
        <line num="30" count="24" type="stmt"/>
        <line num="37" count="31" type="stmt"/>
        <line num="38" count="31" type="stmt"/>
        <line num="39" count="31" type="stmt"/>
        <line num="46" count="31" type="stmt"/>
        <line num="47" count="31" type="stmt"/>
        <line num="48" count="31" type="cond" truecount="4" falsecount="0"/>
        <line num="50" count="29" type="stmt"/>
        <line num="51" count="29" type="stmt"/>
        <line num="52" count="29" type="stmt"/>
        <line num="65" count="18" type="stmt"/>
        <line num="66" count="18" type="stmt"/>
        <line num="67" count="18" type="stmt"/>
        <line num="68" count="18" type="stmt"/>
        <line num="71" count="18" type="cond" truecount="2" falsecount="0"/>
        <line num="94" count="17" type="cond" truecount="4" falsecount="0"/>
        <line num="97" count="15" type="stmt"/>
        <line num="105" count="15" type="stmt"/>
        <line num="106" count="6" type="cond" truecount="3" falsecount="1"/>
        <line num="107" count="6" type="stmt"/>
        <line num="108" count="6" type="stmt"/>
        <line num="110" count="6" type="cond" truecount="2" falsecount="0"/>
        <line num="111" count="4" type="stmt"/>
        <line num="130" count="5" type="stmt"/>
        <line num="132" count="5" type="stmt"/>
        <line num="137" count="6" type="stmt"/>
        <line num="139" count="5" type="cond" truecount="2" falsecount="0"/>
        <line num="140" count="1" type="stmt"/>
        <line num="161" count="21" type="cond" truecount="2" falsecount="0"/>
        <line num="162" count="18" type="cond" truecount="4" falsecount="0"/>
        <line num="163" count="1" type="stmt"/>
        <line num="168" count="20" type="cond" truecount="4" falsecount="0"/>
        <line num="169" count="18" type="stmt"/>
        <line num="170" count="18" type="cond" truecount="2" falsecount="0"/>
        <line num="171" count="3" type="stmt"/>
        <line num="176" count="17" type="stmt"/>
        <line num="183" count="2" type="stmt"/>
        <line num="185" count="2" type="stmt"/>
        <line num="186" count="14" type="stmt"/>
        <line num="192" count="14" type="stmt"/>
        <line num="195" count="2" type="stmt"/>
        <line num="201" count="2" type="stmt"/>
        <line num="202" count="6" type="cond" truecount="2" falsecount="0"/>
        <line num="205" count="6" type="stmt"/>
        <line num="216" count="2" type="stmt"/>
        <line num="217" count="14" type="stmt"/>
        <line num="218" count="14" type="stmt"/>
        <line num="221" count="14" type="stmt"/>
        <line num="222" count="14" type="stmt"/>
        <line num="223" count="14" type="cond" truecount="2" falsecount="0"/>
        <line num="224" count="14" type="cond" truecount="2" falsecount="0"/>
        <line num="227" count="14" type="stmt"/>
        <line num="229" count="6" type="stmt"/>
        <line num="239" count="6" type="stmt"/>
        <line num="241" count="8" type="stmt"/>
        <line num="249" count="2" type="stmt"/>
        <line num="250" count="7" type="stmt"/>
        <line num="251" count="7" type="stmt"/>
        <line num="254" count="7" type="stmt"/>
        <line num="255" count="7" type="stmt"/>
        <line num="256" count="7" type="stmt"/>
        <line num="258" count="7" type="stmt"/>
        <line num="287" count="4" type="stmt"/>
        <line num="297" count="0" type="stmt"/>
        <line num="321" count="3" type="stmt"/>
        <line num="323" count="4" type="stmt"/>
        <line num="331" count="2" type="stmt"/>
        <line num="332" count="11" type="stmt"/>
        <line num="333" count="11" type="stmt"/>
        <line num="336" count="11" type="cond" truecount="2" falsecount="0"/>
        <line num="337" count="1" type="stmt"/>
        <line num="340" count="10" type="stmt"/>
        <line num="343" count="10" type="stmt"/>
        <line num="347" count="10" type="cond" truecount="2" falsecount="0"/>
        <line num="348" count="1" type="stmt"/>
        <line num="352" count="9" type="cond" truecount="2" falsecount="0"/>
        <line num="355" count="11" type="stmt"/>
        <line num="356" count="11" type="stmt"/>
        <line num="358" count="11" type="cond" truecount="2" falsecount="0"/>
        <line num="359" count="6" type="stmt"/>
        <line num="360" count="3" type="cond" truecount="1" falsecount="1"/>
        <line num="361" count="3" type="stmt"/>
        <line num="364" count="9" type="cond" truecount="2" falsecount="0"/>
        <line num="365" count="7" type="stmt"/>
        <line num="366" count="2" type="cond" truecount="1" falsecount="1"/>
        <line num="367" count="2" type="stmt"/>
        <line num="371" count="9" type="stmt"/>
        <line num="374" count="7" type="cond" truecount="2" falsecount="0"/>
        <line num="375" count="11" type="cond" truecount="5" falsecount="0"/>
        <line num="376" count="5" type="stmt"/>
        <line num="380" count="6" type="stmt"/>
        <line num="381" count="6" type="cond" truecount="2" falsecount="0"/>
        <line num="382" count="4" type="cond" truecount="1" falsecount="1"/>
        <line num="384" count="6" type="cond" truecount="2" falsecount="0"/>
        <line num="385" count="4" type="cond" truecount="1" falsecount="1"/>
        <line num="387" count="6" type="cond" truecount="2" falsecount="0"/>
        <line num="389" count="6" type="stmt"/>
        <line num="394" count="6" type="stmt"/>
        <line num="396" count="5" type="stmt"/>
      </file>
    </package>
    <package name="src.utils">
      <metrics statements="4" coveredstatements="4" conditionals="4" coveredconditionals="4" methods="2" coveredmethods="2"/>
      <file name="Response.ts" path="C:\Projects\Abra\Final Project\Team_1_Time_Reporting_System\backend\src\utils\Response.ts">
        <metrics statements="4" coveredstatements="4" conditionals="4" coveredconditionals="4" methods="2" coveredmethods="2"/>
        <line num="19" count="15" type="stmt"/>
        <line num="23" count="15" type="stmt"/>
        <line num="33" count="17" type="stmt"/>
        <line num="41" count="17" type="stmt"/>
      </file>
    </package>
  </project>
</coverage>
