{"C:\\Projects\\Abra\\Final Project\\Team_1_Time_Reporting_System\\backend\\src\\app.ts": {"path":"C:\\Projects\\Abra\\Final Project\\Team_1_Time_Reporting_System\\backend\\src\\app.ts","statementMap":{"0":{"start":{"line":6,"column":6},"end":{"line":6,"column":null}},"1":{"start":{"line":8,"column":0},"end":{"line":8,"column":null}},"2":{"start":{"line":9,"column":0},"end":{"line":9,"column":null}},"3":{"start":{"line":11,"column":0},"end":{"line":13,"column":null}},"4":{"start":{"line":12,"column":2},"end":{"line":12,"column":null}},"5":{"start":{"line":16,"column":0},"end":{"line":16,"column":null}},"6":{"start":{"line":18,"column":0},"end":{"line":18,"column":null}}},"fnMap":{"0":{"name":"(anonymous_0)","decl":{"start":{"line":11,"column":19},"end":{"line":11,"column":20}},"loc":{"start":{"line":11,"column":33},"end":{"line":13,"column":1}},"line":11}},"branchMap":{},"s":{"0":1,"1":1,"2":1,"3":1,"4":0,"5":1,"6":1},"f":{"0":0},"b":{},"meta":{"lastBranch":0,"lastFunction":1,"lastStatement":7,"seen":{"s:6:6:6:Infinity":0,"s:8:0:8:Infinity":1,"s:9:0:9:Infinity":2,"s:11:0:13:Infinity":3,"f:11:19:11:20":0,"s:12:2:12:Infinity":4,"s:16:0:16:Infinity":5,"s:18:0:18:Infinity":6}}}
,"C:\\Projects\\Abra\\Final Project\\Team_1_Time_Reporting_System\\backend\\src\\middleware\\ErrorHandler.ts": {"path":"C:\\Projects\\Abra\\Final Project\\Team_1_Time_Reporting_System\\backend\\src\\middleware\\ErrorHandler.ts","statementMap":{"0":{"start":{"line":12,"column":4},"end":{"line":12,"column":null}},"1":{"start":{"line":7,"column":11},"end":{"line":7,"column":null}},"2":{"start":{"line":8,"column":11},"end":{"line":8,"column":null}},"3":{"start":{"line":9,"column":11},"end":{"line":9,"column":32}},"4":{"start":{"line":10,"column":11},"end":{"line":10,"column":null}},"5":{"start":{"line":13,"column":4},"end":{"line":13,"column":null}},"6":{"start":{"line":17,"column":28},"end":{"line":55,"column":null}},"7":{"start":{"line":24,"column":2},"end":{"line":33,"column":null}},"8":{"start":{"line":25,"column":4},"end":{"line":31,"column":null}},"9":{"start":{"line":32,"column":4},"end":{"line":32,"column":null}},"10":{"start":{"line":36,"column":2},"end":{"line":45,"column":null}},"11":{"start":{"line":37,"column":4},"end":{"line":43,"column":null}},"12":{"start":{"line":44,"column":4},"end":{"line":44,"column":null}},"13":{"start":{"line":48,"column":2},"end":{"line":48,"column":null}},"14":{"start":{"line":49,"column":2},"end":{"line":54,"column":null}}},"fnMap":{"0":{"name":"(anonymous_0)","decl":{"start":{"line":6,"column":2},"end":{"line":6,"column":null}},"loc":{"start":{"line":11,"column":4},"end":{"line":14,"column":null}},"line":11},"1":{"name":"(anonymous_1)","decl":{"start":{"line":17,"column":28},"end":{"line":17,"column":null}},"loc":{"start":{"line":22,"column":11},"end":{"line":55,"column":null}},"line":22}},"branchMap":{"0":{"loc":{"start":{"line":9,"column":11},"end":{"line":9,"column":null}},"type":"default-arg","locations":[{"start":{"line":9,"column":32},"end":{"line":9,"column":null}}],"line":9},"1":{"loc":{"start":{"line":24,"column":2},"end":{"line":33,"column":null}},"type":"if","locations":[{"start":{"line":24,"column":2},"end":{"line":33,"column":null}},{"start":{},"end":{}}],"line":24},"2":{"loc":{"start":{"line":36,"column":2},"end":{"line":45,"column":null}},"type":"if","locations":[{"start":{"line":36,"column":2},"end":{"line":45,"column":null}},{"start":{},"end":{}}],"line":36}},"s":{"0":16,"1":16,"2":16,"3":16,"4":16,"5":16,"6":2,"7":17,"8":6,"9":6,"10":11,"11":11,"12":11,"13":0,"14":0},"f":{"0":16,"1":17},"b":{"0":[16],"1":[6,11],"2":[11,0]},"meta":{"lastBranch":3,"lastFunction":2,"lastStatement":15,"seen":{"f:6:2:6:Infinity":0,"b:9:32:9:Infinity":0,"s:12:4:12:Infinity":0,"s:7:11:7:Infinity":1,"s:8:11:8:Infinity":2,"s:9:11:9:32":3,"s:10:11:10:Infinity":4,"s:13:4:13:Infinity":5,"s:17:28:55:Infinity":6,"f:17:28:17:Infinity":1,"b:24:2:33:Infinity:undefined:undefined:undefined:undefined":1,"s:24:2:33:Infinity":7,"s:25:4:31:Infinity":8,"s:32:4:32:Infinity":9,"b:36:2:45:Infinity:undefined:undefined:undefined:undefined":2,"s:36:2:45:Infinity":10,"s:37:4:43:Infinity":11,"s:44:4:44:Infinity":12,"s:48:2:48:Infinity":13,"s:49:2:54:Infinity":14}}}
,"C:\\Projects\\Abra\\Final Project\\Team_1_Time_Reporting_System\\backend\\src\\routes\\Attendance.ts": {"path":"C:\\Projects\\Abra\\Final Project\\Team_1_Time_Reporting_System\\backend\\src\\routes\\Attendance.ts","statementMap":{"0":{"start":{"line":7,"column":6},"end":{"line":7,"column":null}},"1":{"start":{"line":8,"column":15},"end":{"line":8,"column":null}},"2":{"start":{"line":17,"column":19},"end":{"line":17,"column":null}},"3":{"start":{"line":24,"column":16},"end":{"line":24,"column":null}},"4":{"start":{"line":25,"column":2},"end":{"line":27,"column":null}},"5":{"start":{"line":26,"column":4},"end":{"line":26,"column":null}},"6":{"start":{"line":28,"column":16},"end":{"line":28,"column":null}},"7":{"start":{"line":29,"column":18},"end":{"line":29,"column":null}},"8":{"start":{"line":30,"column":2},"end":{"line":30,"column":null}},"9":{"start":{"line":37,"column":16},"end":{"line":37,"column":null}},"10":{"start":{"line":38,"column":18},"end":{"line":38,"column":null}},"11":{"start":{"line":39,"column":2},"end":{"line":39,"column":null}},"12":{"start":{"line":46,"column":21},"end":{"line":46,"column":null}},"13":{"start":{"line":47,"column":19},"end":{"line":47,"column":null}},"14":{"start":{"line":48,"column":2},"end":{"line":48,"column":null}},"15":{"start":{"line":48,"column":32},"end":{"line":48,"column":null}},"16":{"start":{"line":50,"column":23},"end":{"line":50,"column":null}},"17":{"start":{"line":51,"column":21},"end":{"line":51,"column":null}},"18":{"start":{"line":52,"column":2},"end":{"line":52,"column":null}},"19":{"start":{"line":65,"column":13},"end":{"line":65,"column":null}},"20":{"start":{"line":66,"column":13},"end":{"line":66,"column":null}},"21":{"start":{"line":67,"column":13},"end":{"line":67,"column":null}},"22":{"start":{"line":68,"column":13},"end":{"line":68,"column":null}},"23":{"start":{"line":71,"column":2},"end":{"line":71,"column":null}},"24":{"start":{"line":94,"column":2},"end":{"line":94,"column":null}},"25":{"start":{"line":94,"column":30},"end":{"line":94,"column":null}},"26":{"start":{"line":97,"column":19},"end":{"line":103,"column":null}},"27":{"start":{"line":105,"column":2},"end":{"line":118,"column":null}},"28":{"start":{"line":106,"column":4},"end":{"line":117,"column":null}},"29":{"start":{"line":107,"column":28},"end":{"line":107,"column":null}},"30":{"start":{"line":108,"column":26},"end":{"line":108,"column":null}},"31":{"start":{"line":110,"column":6},"end":{"line":116,"column":null}},"32":{"start":{"line":111,"column":8},"end":{"line":115,"column":null}},"33":{"start":{"line":130,"column":29},"end":{"line":130,"column":null}},"34":{"start":{"line":132,"column":15},"end":{"line":135,"column":null}},"35":{"start":{"line":137,"column":26},"end":{"line":137,"column":null}},"36":{"start":{"line":137,"column":52},"end":{"line":137,"column":75}},"37":{"start":{"line":139,"column":2},"end":{"line":145,"column":null}},"38":{"start":{"line":140,"column":4},"end":{"line":144,"column":null}},"39":{"start":{"line":161,"column":2},"end":{"line":165,"column":null}},"40":{"start":{"line":162,"column":4},"end":{"line":164,"column":null}},"41":{"start":{"line":163,"column":6},"end":{"line":163,"column":null}},"42":{"start":{"line":168,"column":2},"end":{"line":173,"column":null}},"43":{"start":{"line":169,"column":21},"end":{"line":169,"column":null}},"44":{"start":{"line":170,"column":4},"end":{"line":172,"column":null}},"45":{"start":{"line":171,"column":6},"end":{"line":171,"column":null}},"46":{"start":{"line":176,"column":2},"end":{"line":176,"column":null}},"47":{"start":{"line":183,"column":19},"end":{"line":183,"column":null}},"48":{"start":{"line":185,"column":31},"end":{"line":193,"column":null}},"49":{"start":{"line":186,"column":35},"end":{"line":186,"column":60}},"50":{"start":{"line":192,"column":63},"end":{"line":192,"column":74}},"51":{"start":{"line":195,"column":31},"end":{"line":199,"column":null}},"52":{"start":{"line":201,"column":32},"end":{"line":206,"column":null}},"53":{"start":{"line":202,"column":39},"end":{"line":202,"column":56}},"54":{"start":{"line":202,"column":74},"end":{"line":202,"column":97}},"55":{"start":{"line":205,"column":40},"end":{"line":205,"column":51}},"56":{"start":{"line":216,"column":0},"end":{"line":243,"column":null}},"57":{"start":{"line":217,"column":2},"end":{"line":242,"column":null}},"58":{"start":{"line":218,"column":17},"end":{"line":218,"column":null}},"59":{"start":{"line":221,"column":19},"end":{"line":221,"column":null}},"60":{"start":{"line":222,"column":20},"end":{"line":222,"column":null}},"61":{"start":{"line":223,"column":22},"end":{"line":223,"column":null}},"62":{"start":{"line":224,"column":20},"end":{"line":224,"column":null}},"63":{"start":{"line":227,"column":4},"end":{"line":227,"column":null}},"64":{"start":{"line":229,"column":23},"end":{"line":237,"column":null}},"65":{"start":{"line":239,"column":4},"end":{"line":239,"column":null}},"66":{"start":{"line":241,"column":4},"end":{"line":241,"column":null}},"67":{"start":{"line":249,"column":0},"end":{"line":325,"column":null}},"68":{"start":{"line":250,"column":2},"end":{"line":324,"column":null}},"69":{"start":{"line":251,"column":18},"end":{"line":251,"column":null}},"70":{"start":{"line":254,"column":10},"end":{"line":254,"column":null}},"71":{"start":{"line":255,"column":22},"end":{"line":255,"column":null}},"72":{"start":{"line":256,"column":20},"end":{"line":256,"column":null}},"73":{"start":{"line":258,"column":24},"end":{"line":284,"column":null}},"74":{"start":{"line":287,"column":34},"end":{"line":319,"column":null}},"75":{"start":{"line":287,"column":67},"end":{"line":319,"column":6}},"76":{"start":{"line":297,"column":64},"end":{"line":318,"column":8}},"77":{"start":{"line":321,"column":4},"end":{"line":321,"column":null}},"78":{"start":{"line":323,"column":4},"end":{"line":323,"column":null}},"79":{"start":{"line":331,"column":0},"end":{"line":398,"column":null}},"80":{"start":{"line":332,"column":2},"end":{"line":397,"column":null}},"81":{"start":{"line":333,"column":15},"end":{"line":333,"column":null}},"82":{"start":{"line":336,"column":4},"end":{"line":338,"column":null}},"83":{"start":{"line":337,"column":6},"end":{"line":337,"column":null}},"84":{"start":{"line":340,"column":17},"end":{"line":340,"column":null}},"85":{"start":{"line":343,"column":21},"end":{"line":345,"column":null}},"86":{"start":{"line":347,"column":4},"end":{"line":349,"column":null}},"87":{"start":{"line":348,"column":6},"end":{"line":348,"column":null}},"88":{"start":{"line":352,"column":22},"end":{"line":352,"column":null}},"89":{"start":{"line":355,"column":38},"end":{"line":355,"column":null}},"90":{"start":{"line":356,"column":36},"end":{"line":356,"column":null}},"91":{"start":{"line":358,"column":4},"end":{"line":362,"column":null}},"92":{"start":{"line":359,"column":6},"end":{"line":359,"column":null}},"93":{"start":{"line":360,"column":4},"end":{"line":362,"column":null}},"94":{"start":{"line":361,"column":6},"end":{"line":361,"column":null}},"95":{"start":{"line":364,"column":4},"end":{"line":368,"column":null}},"96":{"start":{"line":365,"column":6},"end":{"line":365,"column":null}},"97":{"start":{"line":366,"column":4},"end":{"line":368,"column":null}},"98":{"start":{"line":367,"column":6},"end":{"line":367,"column":null}},"99":{"start":{"line":371,"column":4},"end":{"line":371,"column":null}},"100":{"start":{"line":374,"column":24},"end":{"line":374,"column":null}},"101":{"start":{"line":375,"column":4},"end":{"line":377,"column":null}},"102":{"start":{"line":376,"column":6},"end":{"line":376,"column":null}},"103":{"start":{"line":380,"column":48},"end":{"line":380,"column":null}},"104":{"start":{"line":381,"column":4},"end":{"line":383,"column":null}},"105":{"start":{"line":382,"column":6},"end":{"line":382,"column":null}},"106":{"start":{"line":384,"column":4},"end":{"line":386,"column":null}},"107":{"start":{"line":385,"column":6},"end":{"line":385,"column":null}},"108":{"start":{"line":387,"column":4},"end":{"line":387,"column":null}},"109":{"start":{"line":387,"column":35},"end":{"line":387,"column":null}},"110":{"start":{"line":389,"column":4},"end":{"line":392,"column":null}},"111":{"start":{"line":394,"column":4},"end":{"line":394,"column":null}},"112":{"start":{"line":396,"column":4},"end":{"line":396,"column":null}}},"fnMap":{"0":{"name":"timeStringToDate","decl":{"start":{"line":23,"column":9},"end":{"line":23,"column":26}},"loc":{"start":{"line":23,"column":46},"end":{"line":31,"column":null}},"line":23},"1":{"name":"dateToTimeString","decl":{"start":{"line":36,"column":9},"end":{"line":36,"column":26}},"loc":{"start":{"line":36,"column":46},"end":{"line":40,"column":null}},"line":36},"2":{"name":"calculateDurationMinutes","decl":{"start":{"line":45,"column":9},"end":{"line":45,"column":34}},"loc":{"start":{"line":45,"column":78},"end":{"line":53,"column":null}},"line":45},"3":{"name":"timeRangesOverlap","decl":{"start":{"line":59,"column":9},"end":{"line":59,"column":null}},"loc":{"start":{"line":64,"column":11},"end":{"line":72,"column":null}},"line":64},"4":{"name":"checkOverlap","decl":{"start":{"line":86,"column":15},"end":{"line":86,"column":null}},"loc":{"start":{"line":92,"column":17},"end":{"line":119,"column":null}},"line":92},"5":{"name":"checkDurationVsLogs","decl":{"start":{"line":125,"column":15},"end":{"line":125,"column":null}},"loc":{"start":{"line":129,"column":17},"end":{"line":146,"column":null}},"line":129},"6":{"name":"(anonymous_6)","decl":{"start":{"line":137,"column":38},"end":{"line":137,"column":39}},"loc":{"start":{"line":137,"column":52},"end":{"line":137,"column":75}},"line":137},"7":{"name":"validateAttendance","decl":{"start":{"line":152,"column":22},"end":{"line":152,"column":null}},"loc":{"start":{"line":159,"column":17},"end":{"line":177,"column":null}},"line":159},"8":{"name":"(anonymous_8)","decl":{"start":{"line":186,"column":26},"end":{"line":186,"column":27}},"loc":{"start":{"line":186,"column":35},"end":{"line":186,"column":60}},"line":186},"9":{"name":"(anonymous_9)","decl":{"start":{"line":192,"column":54},"end":{"line":192,"column":55}},"loc":{"start":{"line":192,"column":63},"end":{"line":192,"column":74}},"line":192},"10":{"name":"(anonymous_10)","decl":{"start":{"line":202,"column":30},"end":{"line":202,"column":31}},"loc":{"start":{"line":202,"column":39},"end":{"line":202,"column":56}},"line":202},"11":{"name":"(anonymous_11)","decl":{"start":{"line":202,"column":65},"end":{"line":202,"column":66}},"loc":{"start":{"line":202,"column":74},"end":{"line":202,"column":97}},"line":202},"12":{"name":"(anonymous_12)","decl":{"start":{"line":205,"column":31},"end":{"line":205,"column":32}},"loc":{"start":{"line":205,"column":40},"end":{"line":205,"column":51}},"line":205},"13":{"name":"(anonymous_13)","decl":{"start":{"line":216,"column":17},"end":{"line":216,"column":24}},"loc":{"start":{"line":216,"column":76},"end":{"line":243,"column":1}},"line":216},"14":{"name":"(anonymous_14)","decl":{"start":{"line":249,"column":29},"end":{"line":249,"column":36}},"loc":{"start":{"line":249,"column":88},"end":{"line":325,"column":1}},"line":249},"15":{"name":"(anonymous_15)","decl":{"start":{"line":287,"column":50},"end":{"line":287,"column":51}},"loc":{"start":{"line":287,"column":67},"end":{"line":319,"column":6}},"line":287},"16":{"name":"(anonymous_16)","decl":{"start":{"line":297,"column":54},"end":{"line":297,"column":55}},"loc":{"start":{"line":297,"column":64},"end":{"line":318,"column":8}},"line":297},"17":{"name":"(anonymous_17)","decl":{"start":{"line":331,"column":19},"end":{"line":331,"column":26}},"loc":{"start":{"line":331,"column":78},"end":{"line":398,"column":1}},"line":331}},"branchMap":{"0":{"loc":{"start":{"line":25,"column":2},"end":{"line":27,"column":null}},"type":"if","locations":[{"start":{"line":25,"column":2},"end":{"line":27,"column":null}},{"start":{},"end":{}}],"line":25},"1":{"loc":{"start":{"line":48,"column":2},"end":{"line":48,"column":null}},"type":"if","locations":[{"start":{"line":48,"column":2},"end":{"line":48,"column":null}},{"start":{},"end":{}}],"line":48},"2":{"loc":{"start":{"line":48,"column":6},"end":{"line":48,"column":32}},"type":"binary-expr","locations":[{"start":{"line":48,"column":6},"end":{"line":48,"column":21}},{"start":{"line":48,"column":21},"end":{"line":48,"column":32}}],"line":48},"3":{"loc":{"start":{"line":71,"column":9},"end":{"line":71,"column":null}},"type":"binary-expr","locations":[{"start":{"line":71,"column":9},"end":{"line":71,"column":20}},{"start":{"line":71,"column":20},"end":{"line":71,"column":null}}],"line":71},"4":{"loc":{"start":{"line":94,"column":2},"end":{"line":94,"column":null}},"type":"if","locations":[{"start":{"line":94,"column":2},"end":{"line":94,"column":null}},{"start":{},"end":{}}],"line":94},"5":{"loc":{"start":{"line":94,"column":6},"end":{"line":94,"column":30}},"type":"binary-expr","locations":[{"start":{"line":94,"column":6},"end":{"line":94,"column":20}},{"start":{"line":94,"column":20},"end":{"line":94,"column":30}}],"line":94},"6":{"loc":{"start":{"line":101,"column":10},"end":{"line":101,"column":null}},"type":"cond-expr","locations":[{"start":{"line":101,"column":22},"end":{"line":101,"column":51}},{"start":{"line":101,"column":51},"end":{"line":101,"column":null}}],"line":101},"7":{"loc":{"start":{"line":106,"column":4},"end":{"line":117,"column":null}},"type":"if","locations":[{"start":{"line":106,"column":4},"end":{"line":117,"column":null}},{"start":{},"end":{}}],"line":106},"8":{"loc":{"start":{"line":106,"column":8},"end":{"line":106,"column":44}},"type":"binary-expr","locations":[{"start":{"line":106,"column":8},"end":{"line":106,"column":28}},{"start":{"line":106,"column":28},"end":{"line":106,"column":44}}],"line":106},"9":{"loc":{"start":{"line":110,"column":6},"end":{"line":116,"column":null}},"type":"if","locations":[{"start":{"line":110,"column":6},"end":{"line":116,"column":null}},{"start":{},"end":{}}],"line":110},"10":{"loc":{"start":{"line":139,"column":2},"end":{"line":145,"column":null}},"type":"if","locations":[{"start":{"line":139,"column":2},"end":{"line":145,"column":null}},{"start":{},"end":{}}],"line":139},"11":{"loc":{"start":{"line":161,"column":2},"end":{"line":165,"column":null}},"type":"if","locations":[{"start":{"line":161,"column":2},"end":{"line":165,"column":null}},{"start":{},"end":{}}],"line":161},"12":{"loc":{"start":{"line":162,"column":4},"end":{"line":164,"column":null}},"type":"if","locations":[{"start":{"line":162,"column":4},"end":{"line":164,"column":null}},{"start":{},"end":{}}],"line":162},"13":{"loc":{"start":{"line":162,"column":8},"end":{"line":162,"column":32}},"type":"binary-expr","locations":[{"start":{"line":162,"column":8},"end":{"line":162,"column":22}},{"start":{"line":162,"column":22},"end":{"line":162,"column":32}}],"line":162},"14":{"loc":{"start":{"line":168,"column":2},"end":{"line":173,"column":null}},"type":"if","locations":[{"start":{"line":168,"column":2},"end":{"line":173,"column":null}},{"start":{},"end":{}}],"line":168},"15":{"loc":{"start":{"line":168,"column":6},"end":{"line":168,"column":28}},"type":"binary-expr","locations":[{"start":{"line":168,"column":6},"end":{"line":168,"column":19}},{"start":{"line":168,"column":19},"end":{"line":168,"column":28}}],"line":168},"16":{"loc":{"start":{"line":170,"column":4},"end":{"line":172,"column":null}},"type":"if","locations":[{"start":{"line":170,"column":4},"end":{"line":172,"column":null}},{"start":{},"end":{}}],"line":170},"17":{"loc":{"start":{"line":202,"column":74},"end":{"line":202,"column":97}},"type":"binary-expr","locations":[{"start":{"line":202,"column":74},"end":{"line":202,"column":86}},{"start":{"line":202,"column":86},"end":{"line":202,"column":97}}],"line":202},"18":{"loc":{"start":{"line":223,"column":22},"end":{"line":223,"column":null}},"type":"binary-expr","locations":[{"start":{"line":223,"column":22},"end":{"line":223,"column":40}},{"start":{"line":223,"column":40},"end":{"line":223,"column":null}}],"line":223},"19":{"loc":{"start":{"line":224,"column":20},"end":{"line":224,"column":null}},"type":"binary-expr","locations":[{"start":{"line":224,"column":20},"end":{"line":224,"column":36}},{"start":{"line":224,"column":36},"end":{"line":224,"column":null}}],"line":224},"20":{"loc":{"start":{"line":233,"column":19},"end":{"line":233,"column":null}},"type":"cond-expr","locations":[{"start":{"line":233,"column":31},"end":{"line":233,"column":61}},{"start":{"line":233,"column":61},"end":{"line":233,"column":null}}],"line":233},"21":{"loc":{"start":{"line":234,"column":17},"end":{"line":234,"column":null}},"type":"cond-expr","locations":[{"start":{"line":234,"column":27},"end":{"line":234,"column":55}},{"start":{"line":234,"column":55},"end":{"line":234,"column":null}}],"line":234},"22":{"loc":{"start":{"line":291,"column":17},"end":{"line":291,"column":null}},"type":"cond-expr","locations":[{"start":{"line":291,"column":40},"end":{"line":291,"column":81}},{"start":{"line":291,"column":81},"end":{"line":291,"column":null}}],"line":291},"23":{"loc":{"start":{"line":292,"column":15},"end":{"line":292,"column":null}},"type":"cond-expr","locations":[{"start":{"line":292,"column":36},"end":{"line":292,"column":75}},{"start":{"line":292,"column":75},"end":{"line":292,"column":null}}],"line":292},"24":{"loc":{"start":{"line":294,"column":16},"end":{"line":294,"column":null}},"type":"cond-expr","locations":[{"start":{"line":294,"column":38},"end":{"line":294,"column":45}},{"start":{"line":294,"column":45},"end":{"line":294,"column":null}}],"line":294},"25":{"loc":{"start":{"line":336,"column":4},"end":{"line":338,"column":null}},"type":"if","locations":[{"start":{"line":336,"column":4},"end":{"line":338,"column":null}},{"start":{},"end":{}}],"line":336},"26":{"loc":{"start":{"line":347,"column":4},"end":{"line":349,"column":null}},"type":"if","locations":[{"start":{"line":347,"column":4},"end":{"line":349,"column":null}},{"start":{},"end":{}}],"line":347},"27":{"loc":{"start":{"line":352,"column":22},"end":{"line":352,"column":null}},"type":"binary-expr","locations":[{"start":{"line":352,"column":22},"end":{"line":352,"column":37}},{"start":{"line":352,"column":37},"end":{"line":352,"column":null}}],"line":352},"28":{"loc":{"start":{"line":358,"column":4},"end":{"line":362,"column":null}},"type":"if","locations":[{"start":{"line":358,"column":4},"end":{"line":362,"column":null}},{"start":{"line":360,"column":4},"end":{"line":362,"column":null}}],"line":358},"29":{"loc":{"start":{"line":360,"column":4},"end":{"line":362,"column":null}},"type":"if","locations":[{"start":{"line":360,"column":4},"end":{"line":362,"column":null}},{"start":{},"end":{}}],"line":360},"30":{"loc":{"start":{"line":364,"column":4},"end":{"line":368,"column":null}},"type":"if","locations":[{"start":{"line":364,"column":4},"end":{"line":368,"column":null}},{"start":{"line":366,"column":4},"end":{"line":368,"column":null}}],"line":364},"31":{"loc":{"start":{"line":366,"column":4},"end":{"line":368,"column":null}},"type":"if","locations":[{"start":{"line":366,"column":4},"end":{"line":368,"column":null}},{"start":{},"end":{}}],"line":366},"32":{"loc":{"start":{"line":374,"column":24},"end":{"line":374,"column":null}},"type":"binary-expr","locations":[{"start":{"line":374,"column":24},"end":{"line":374,"column":56}},{"start":{"line":374,"column":56},"end":{"line":374,"column":null}}],"line":374},"33":{"loc":{"start":{"line":375,"column":4},"end":{"line":377,"column":null}},"type":"if","locations":[{"start":{"line":375,"column":4},"end":{"line":377,"column":null}},{"start":{},"end":{}}],"line":375},"34":{"loc":{"start":{"line":375,"column":8},"end":{"line":375,"column":51}},"type":"binary-expr","locations":[{"start":{"line":375,"column":8},"end":{"line":375,"column":23}},{"start":{"line":375,"column":23},"end":{"line":375,"column":39}},{"start":{"line":375,"column":39},"end":{"line":375,"column":51}}],"line":375},"35":{"loc":{"start":{"line":381,"column":4},"end":{"line":383,"column":null}},"type":"if","locations":[{"start":{"line":381,"column":4},"end":{"line":383,"column":null}},{"start":{},"end":{}}],"line":381},"36":{"loc":{"start":{"line":382,"column":29},"end":{"line":382,"column":null}},"type":"cond-expr","locations":[{"start":{"line":382,"column":46},"end":{"line":382,"column":81}},{"start":{"line":382,"column":81},"end":{"line":382,"column":null}}],"line":382},"37":{"loc":{"start":{"line":384,"column":4},"end":{"line":386,"column":null}},"type":"if","locations":[{"start":{"line":384,"column":4},"end":{"line":386,"column":null}},{"start":{},"end":{}}],"line":384},"38":{"loc":{"start":{"line":385,"column":27},"end":{"line":385,"column":null}},"type":"cond-expr","locations":[{"start":{"line":385,"column":42},"end":{"line":385,"column":75}},{"start":{"line":385,"column":75},"end":{"line":385,"column":null}}],"line":385},"39":{"loc":{"start":{"line":387,"column":4},"end":{"line":387,"column":null}},"type":"if","locations":[{"start":{"line":387,"column":4},"end":{"line":387,"column":null}},{"start":{},"end":{}}],"line":387}},"s":{"0":2,"1":2,"2":2,"3":29,"4":29,"5":5,"6":24,"7":24,"8":24,"9":31,"10":31,"11":31,"12":31,"13":31,"14":31,"15":2,"16":29,"17":29,"18":29,"19":18,"20":18,"21":18,"22":18,"23":18,"24":17,"25":2,"26":15,"27":15,"28":6,"29":6,"30":6,"31":6,"32":4,"33":5,"34":5,"35":5,"36":6,"37":5,"38":1,"39":21,"40":18,"41":1,"42":20,"43":18,"44":18,"45":3,"46":17,"47":2,"48":2,"49":14,"50":14,"51":2,"52":2,"53":6,"54":6,"55":6,"56":2,"57":14,"58":14,"59":14,"60":14,"61":14,"62":14,"63":14,"64":6,"65":6,"66":8,"67":2,"68":7,"69":7,"70":7,"71":7,"72":7,"73":7,"74":3,"75":4,"76":0,"77":3,"78":4,"79":2,"80":11,"81":11,"82":11,"83":1,"84":10,"85":10,"86":10,"87":1,"88":9,"89":11,"90":11,"91":11,"92":6,"93":3,"94":3,"95":9,"96":7,"97":2,"98":2,"99":9,"100":7,"101":11,"102":5,"103":6,"104":6,"105":4,"106":6,"107":4,"108":6,"109":2,"110":6,"111":6,"112":5},"f":{"0":29,"1":31,"2":31,"3":18,"4":17,"5":5,"6":6,"7":21,"8":14,"9":14,"10":6,"11":6,"12":6,"13":14,"14":7,"15":4,"16":0,"17":11},"b":{"0":[5,24],"1":[2,29],"2":[31,30],"3":[18,15],"4":[2,15],"5":[17,15],"6":[8,7],"7":[6,0],"8":[6,6],"9":[4,2],"10":[1,4],"11":[18,3],"12":[1,17],"13":[18,17],"14":[18,2],"15":[20,18],"16":[3,15],"17":[6,5],"18":[14,3],"19":[14,3],"20":[4,2],"21":[4,2],"22":[2,2],"23":[2,2],"24":[0,4],"25":[1,10],"26":[1,9],"27":[9,7],"28":[6,3],"29":[3,0],"30":[7,2],"31":[2,0],"32":[7,2],"33":[5,6],"34":[11,5,5],"35":[4,2],"36":[4,0],"37":[4,2],"38":[4,0],"39":[2,4]},"meta":{"lastBranch":40,"lastFunction":18,"lastStatement":113,"seen":{"s:7:6:7:Infinity":0,"s:8:15:8:Infinity":1,"s:17:19:17:Infinity":2,"f:23:9:23:26":0,"s:24:16:24:Infinity":3,"b:25:2:27:Infinity:undefined:undefined:undefined:undefined":0,"s:25:2:27:Infinity":4,"s:26:4:26:Infinity":5,"s:28:16:28:Infinity":6,"s:29:18:29:Infinity":7,"s:30:2:30:Infinity":8,"f:36:9:36:26":1,"s:37:16:37:Infinity":9,"s:38:18:38:Infinity":10,"s:39:2:39:Infinity":11,"f:45:9:45:34":2,"s:46:21:46:Infinity":12,"s:47:19:47:Infinity":13,"b:48:2:48:Infinity:undefined:undefined:undefined:undefined":1,"s:48:2:48:Infinity":14,"b:48:6:48:21:48:21:48:32":2,"s:48:32:48:Infinity":15,"s:50:23:50:Infinity":16,"s:51:21:51:Infinity":17,"s:52:2:52:Infinity":18,"f:59:9:59:Infinity":3,"s:65:13:65:Infinity":19,"s:66:13:66:Infinity":20,"s:67:13:67:Infinity":21,"s:68:13:68:Infinity":22,"s:71:2:71:Infinity":23,"b:71:9:71:20:71:20:71:Infinity":3,"f:86:15:86:Infinity":4,"b:94:2:94:Infinity:undefined:undefined:undefined:undefined":4,"s:94:2:94:Infinity":24,"b:94:6:94:20:94:20:94:30":5,"s:94:30:94:Infinity":25,"s:97:19:103:Infinity":26,"b:101:22:101:51:101:51:101:Infinity":6,"s:105:2:118:Infinity":27,"b:106:4:117:Infinity:undefined:undefined:undefined:undefined":7,"s:106:4:117:Infinity":28,"b:106:8:106:28:106:28:106:44":8,"s:107:28:107:Infinity":29,"s:108:26:108:Infinity":30,"b:110:6:116:Infinity:undefined:undefined:undefined:undefined":9,"s:110:6:116:Infinity":31,"s:111:8:115:Infinity":32,"f:125:15:125:Infinity":5,"s:130:29:130:Infinity":33,"s:132:15:135:Infinity":34,"s:137:26:137:Infinity":35,"f:137:38:137:39":6,"s:137:52:137:75":36,"b:139:2:145:Infinity:undefined:undefined:undefined:undefined":10,"s:139:2:145:Infinity":37,"s:140:4:144:Infinity":38,"f:152:22:152:Infinity":7,"b:161:2:165:Infinity:undefined:undefined:undefined:undefined":11,"s:161:2:165:Infinity":39,"b:162:4:164:Infinity:undefined:undefined:undefined:undefined":12,"s:162:4:164:Infinity":40,"b:162:8:162:22:162:22:162:32":13,"s:163:6:163:Infinity":41,"b:168:2:173:Infinity:undefined:undefined:undefined:undefined":14,"s:168:2:173:Infinity":42,"b:168:6:168:19:168:19:168:28":15,"s:169:21:169:Infinity":43,"b:170:4:172:Infinity:undefined:undefined:undefined:undefined":16,"s:170:4:172:Infinity":44,"s:171:6:171:Infinity":45,"s:176:2:176:Infinity":46,"s:183:19:183:Infinity":47,"s:185:31:193:Infinity":48,"f:186:26:186:27":8,"s:186:35:186:60":49,"f:192:54:192:55":9,"s:192:63:192:74":50,"s:195:31:199:Infinity":51,"s:201:32:206:Infinity":52,"f:202:30:202:31":10,"s:202:39:202:56":53,"f:202:65:202:66":11,"s:202:74:202:97":54,"b:202:74:202:86:202:86:202:97":17,"f:205:31:205:32":12,"s:205:40:205:51":55,"s:216:0:243:Infinity":56,"f:216:17:216:24":13,"s:217:2:242:Infinity":57,"s:218:17:218:Infinity":58,"s:221:19:221:Infinity":59,"s:222:20:222:Infinity":60,"s:223:22:223:Infinity":61,"b:223:22:223:40:223:40:223:Infinity":18,"s:224:20:224:Infinity":62,"b:224:20:224:36:224:36:224:Infinity":19,"s:227:4:227:Infinity":63,"s:229:23:237:Infinity":64,"b:233:31:233:61:233:61:233:Infinity":20,"b:234:27:234:55:234:55:234:Infinity":21,"s:239:4:239:Infinity":65,"s:241:4:241:Infinity":66,"s:249:0:325:Infinity":67,"f:249:29:249:36":14,"s:250:2:324:Infinity":68,"s:251:18:251:Infinity":69,"s:254:10:254:Infinity":70,"s:255:22:255:Infinity":71,"s:256:20:256:Infinity":72,"s:258:24:284:Infinity":73,"s:287:34:319:Infinity":74,"f:287:50:287:51":15,"s:287:67:319:6":75,"b:291:40:291:81:291:81:291:Infinity":22,"b:292:36:292:75:292:75:292:Infinity":23,"b:294:38:294:45:294:45:294:Infinity":24,"f:297:54:297:55":16,"s:297:64:318:8":76,"s:321:4:321:Infinity":77,"s:323:4:323:Infinity":78,"s:331:0:398:Infinity":79,"f:331:19:331:26":17,"s:332:2:397:Infinity":80,"s:333:15:333:Infinity":81,"b:336:4:338:Infinity:undefined:undefined:undefined:undefined":25,"s:336:4:338:Infinity":82,"s:337:6:337:Infinity":83,"s:340:17:340:Infinity":84,"s:343:21:345:Infinity":85,"b:347:4:349:Infinity:undefined:undefined:undefined:undefined":26,"s:347:4:349:Infinity":86,"s:348:6:348:Infinity":87,"s:352:22:352:Infinity":88,"b:352:22:352:37:352:37:352:Infinity":27,"s:355:38:355:Infinity":89,"s:356:36:356:Infinity":90,"b:358:4:362:Infinity:360:4:362:Infinity":28,"s:358:4:362:Infinity":91,"s:359:6:359:Infinity":92,"b:360:4:362:Infinity:undefined:undefined:undefined:undefined":29,"s:360:4:362:Infinity":93,"s:361:6:361:Infinity":94,"b:364:4:368:Infinity:366:4:368:Infinity":30,"s:364:4:368:Infinity":95,"s:365:6:365:Infinity":96,"b:366:4:368:Infinity:undefined:undefined:undefined:undefined":31,"s:366:4:368:Infinity":97,"s:367:6:367:Infinity":98,"s:371:4:371:Infinity":99,"s:374:24:374:Infinity":100,"b:374:24:374:56:374:56:374:Infinity":32,"b:375:4:377:Infinity:undefined:undefined:undefined:undefined":33,"s:375:4:377:Infinity":101,"b:375:8:375:23:375:23:375:39:375:39:375:51":34,"s:376:6:376:Infinity":102,"s:380:48:380:Infinity":103,"b:381:4:383:Infinity:undefined:undefined:undefined:undefined":35,"s:381:4:383:Infinity":104,"s:382:6:382:Infinity":105,"b:382:46:382:81:382:81:382:Infinity":36,"b:384:4:386:Infinity:undefined:undefined:undefined:undefined":37,"s:384:4:386:Infinity":106,"s:385:6:385:Infinity":107,"b:385:42:385:75:385:75:385:Infinity":38,"b:387:4:387:Infinity:undefined:undefined:undefined:undefined":39,"s:387:4:387:Infinity":108,"s:387:35:387:Infinity":109,"s:389:4:392:Infinity":110,"s:394:4:394:Infinity":111,"s:396:4:396:Infinity":112}}}
,"C:\\Projects\\Abra\\Final Project\\Team_1_Time_Reporting_System\\backend\\src\\utils\\Response.ts": {"path":"C:\\Projects\\Abra\\Final Project\\Team_1_Time_Reporting_System\\backend\\src\\utils\\Response.ts","statementMap":{"0":{"start":{"line":19,"column":41},"end":{"line":22,"column":null}},"1":{"start":{"line":23,"column":4},"end":{"line":23,"column":null}},"2":{"start":{"line":33,"column":36},"end":{"line":40,"column":null}},"3":{"start":{"line":41,"column":4},"end":{"line":41,"column":null}}},"fnMap":{"0":{"name":"(anonymous_0)","decl":{"start":{"line":18,"column":9},"end":{"line":18,"column":20}},"loc":{"start":{"line":18,"column":76},"end":{"line":24,"column":null}},"line":18},"1":{"name":"(anonymous_1)","decl":{"start":{"line":26,"column":9},"end":{"line":26,"column":null}},"loc":{"start":{"line":32,"column":10},"end":{"line":42,"column":null}},"line":32}},"branchMap":{"0":{"loc":{"start":{"line":18,"column":44},"end":{"line":18,"column":76}},"type":"default-arg","locations":[{"start":{"line":18,"column":65},"end":{"line":18,"column":76}}],"line":18},"1":{"loc":{"start":{"line":30,"column":4},"end":{"line":30,"column":null}},"type":"default-arg","locations":[{"start":{"line":30,"column":25},"end":{"line":30,"column":null}}],"line":30},"2":{"loc":{"start":{"line":38,"column":12},"end":{"line":38,"column":null}},"type":"binary-expr","locations":[{"start":{"line":38,"column":12},"end":{"line":38,"column":23}},{"start":{"line":38,"column":23},"end":{"line":38,"column":null}}],"line":38}},"s":{"0":15,"1":15,"2":17,"3":17},"f":{"0":2,"1":2},"b":{"0":[15],"1":[17],"2":[17,6]},"meta":{"lastBranch":3,"lastFunction":2,"lastStatement":4,"seen":{"f:18:9:18:20":0,"b:18:65:18:76":0,"s:19:41:22:Infinity":0,"s:23:4:23:Infinity":1,"f:26:9:26:Infinity":1,"b:30:25:30:Infinity":1,"s:33:36:40:Infinity":2,"b:38:12:38:23:38:23:38:Infinity":2,"s:41:4:41:Infinity":3}}}
}
