{"C:\\Users\\Lior\\Desktop\\abra AI bootcamp\\2_week\\8_Day\\Team_1_Time_Reporting_System\\backend\\src\\routes\\Auth.ts": {"path":"C:\\Users\\Lior\\Desktop\\abra AI bootcamp\\2_week\\8_Day\\Team_1_Time_Reporting_System\\backend\\src\\routes\\Auth.ts","statementMap":{"0":{"start":{"line":25,"column":30},"end":{"line":64,"column":null}},"1":{"start":{"line":30,"column":2},"end":{"line":63,"column":null}},"2":{"start":{"line":31,"column":23},"end":{"line":31,"column":null}},"3":{"start":{"line":33,"column":4},"end":{"line":35,"column":null}},"4":{"start":{"line":34,"column":6},"end":{"line":34,"column":null}},"5":{"start":{"line":37,"column":18},"end":{"line":37,"column":null}},"6":{"start":{"line":38,"column":19},"end":{"line":38,"column":null}},"7":{"start":{"line":40,"column":4},"end":{"line":42,"column":null}},"8":{"start":{"line":41,"column":6},"end":{"line":41,"column":null}},"9":{"start":{"line":44,"column":20},"end":{"line":44,"column":null}},"10":{"start":{"line":46,"column":4},"end":{"line":48,"column":null}},"11":{"start":{"line":47,"column":6},"end":{"line":47,"column":null}},"12":{"start":{"line":50,"column":4},"end":{"line":52,"column":null}},"13":{"start":{"line":51,"column":6},"end":{"line":51,"column":null}},"14":{"start":{"line":54,"column":4},"end":{"line":54,"column":null}},"15":{"start":{"line":55,"column":4},"end":{"line":55,"column":null}},"16":{"start":{"line":57,"column":4},"end":{"line":57,"column":null}},"17":{"start":{"line":59,"column":4},"end":{"line":61,"column":null}},"18":{"start":{"line":60,"column":6},"end":{"line":60,"column":null}},"19":{"start":{"line":62,"column":4},"end":{"line":62,"column":null}},"20":{"start":{"line":70,"column":6},"end":{"line":70,"column":null}},"21":{"start":{"line":71,"column":15},"end":{"line":71,"column":null}},"22":{"start":{"line":73,"column":0},"end":{"line":128,"column":null}},"23":{"start":{"line":74,"column":2},"end":{"line":127,"column":null}},"24":{"start":{"line":76,"column":26},"end":{"line":76,"column":null}},"25":{"start":{"line":79,"column":17},"end":{"line":81,"column":null}},"26":{"start":{"line":83,"column":4},"end":{"line":85,"column":null}},"27":{"start":{"line":84,"column":6},"end":{"line":84,"column":null}},"28":{"start":{"line":88,"column":4},"end":{"line":90,"column":null}},"29":{"start":{"line":89,"column":6},"end":{"line":89,"column":null}},"30":{"start":{"line":93,"column":28},"end":{"line":93,"column":null}},"31":{"start":{"line":95,"column":4},"end":{"line":97,"column":null}},"32":{"start":{"line":96,"column":6},"end":{"line":96,"column":null}},"33":{"start":{"line":100,"column":19},"end":{"line":100,"column":null}},"34":{"start":{"line":101,"column":4},"end":{"line":103,"column":null}},"35":{"start":{"line":102,"column":6},"end":{"line":102,"column":null}},"36":{"start":{"line":105,"column":18},"end":{"line":109,"column":null}},"37":{"start":{"line":112,"column":4},"end":{"line":124,"column":null}},"38":{"start":{"line":126,"column":4},"end":{"line":126,"column":null}}},"fnMap":{"0":{"name":"(anonymous_0)","decl":{"start":{"line":25,"column":30},"end":{"line":25,"column":null}},"loc":{"start":{"line":29,"column":11},"end":{"line":64,"column":null}},"line":29},"1":{"name":"(anonymous_1)","decl":{"start":{"line":73,"column":22},"end":{"line":73,"column":29}},"loc":{"start":{"line":73,"column":96},"end":{"line":128,"column":1}},"line":73}},"branchMap":{"0":{"loc":{"start":{"line":33,"column":4},"end":{"line":35,"column":null}},"type":"if","locations":[{"start":{"line":33,"column":4},"end":{"line":35,"column":null}},{"start":{},"end":{}}],"line":33},"1":{"loc":{"start":{"line":33,"column":8},"end":{"line":33,"column":58}},"type":"binary-expr","locations":[{"start":{"line":33,"column":8},"end":{"line":33,"column":23}},{"start":{"line":33,"column":23},"end":{"line":33,"column":58}}],"line":33},"2":{"loc":{"start":{"line":40,"column":4},"end":{"line":42,"column":null}},"type":"if","locations":[{"start":{"line":40,"column":4},"end":{"line":42,"column":null}},{"start":{},"end":{}}],"line":40},"3":{"loc":{"start":{"line":46,"column":4},"end":{"line":48,"column":null}},"type":"if","locations":[{"start":{"line":46,"column":4},"end":{"line":48,"column":null}},{"start":{},"end":{}}],"line":46},"4":{"loc":{"start":{"line":46,"column":8},"end":{"line":46,"column":46}},"type":"binary-expr","locations":[{"start":{"line":46,"column":8},"end":{"line":46,"column":27}},{"start":{"line":46,"column":27},"end":{"line":46,"column":46}}],"line":46},"5":{"loc":{"start":{"line":50,"column":4},"end":{"line":52,"column":null}},"type":"if","locations":[{"start":{"line":50,"column":4},"end":{"line":52,"column":null}},{"start":{},"end":{}}],"line":50},"6":{"loc":{"start":{"line":50,"column":8},"end":{"line":50,"column":71}},"type":"binary-expr","locations":[{"start":{"line":50,"column":8},"end":{"line":50,"column":40}},{"start":{"line":50,"column":40},"end":{"line":50,"column":71}}],"line":50},"7":{"loc":{"start":{"line":59,"column":4},"end":{"line":61,"column":null}},"type":"if","locations":[{"start":{"line":59,"column":4},"end":{"line":61,"column":null}},{"start":{},"end":{}}],"line":59},"8":{"loc":{"start":{"line":83,"column":4},"end":{"line":85,"column":null}},"type":"if","locations":[{"start":{"line":83,"column":4},"end":{"line":85,"column":null}},{"start":{},"end":{}}],"line":83},"9":{"loc":{"start":{"line":88,"column":4},"end":{"line":90,"column":null}},"type":"if","locations":[{"start":{"line":88,"column":4},"end":{"line":90,"column":null}},{"start":{},"end":{}}],"line":88},"10":{"loc":{"start":{"line":95,"column":4},"end":{"line":97,"column":null}},"type":"if","locations":[{"start":{"line":95,"column":4},"end":{"line":97,"column":null}},{"start":{},"end":{}}],"line":95},"11":{"loc":{"start":{"line":101,"column":4},"end":{"line":103,"column":null}},"type":"if","locations":[{"start":{"line":101,"column":4},"end":{"line":103,"column":null}},{"start":{},"end":{}}],"line":101}},"s":{"0":1,"1":17,"2":17,"3":17,"4":5,"5":12,"6":12,"7":12,"8":2,"9":10,"10":10,"11":3,"12":3,"13":0,"14":3,"15":3,"16":3,"17":14,"18":10,"19":4,"20":1,"21":1,"22":1,"23":0,"24":0,"25":0,"26":0,"27":0,"28":0,"29":0,"30":0,"31":0,"32":0,"33":0,"34":0,"35":0,"36":0,"37":0,"38":0},"f":{"0":17,"1":0},"b":{"0":[5,12],"1":[17,15],"2":[2,10],"3":[3,7],"4":[10,5],"5":[0,3],"6":[3,2],"7":[10,4],"8":[0,0],"9":[0,0],"10":[0,0],"11":[0,0]},"meta":{"lastBranch":12,"lastFunction":2,"lastStatement":39,"seen":{"s:25:30:64:Infinity":0,"f:25:30:25:Infinity":0,"s:30:2:63:Infinity":1,"s:31:23:31:Infinity":2,"b:33:4:35:Infinity:undefined:undefined:undefined:undefined":0,"s:33:4:35:Infinity":3,"b:33:8:33:23:33:23:33:58":1,"s:34:6:34:Infinity":4,"s:37:18:37:Infinity":5,"s:38:19:38:Infinity":6,"b:40:4:42:Infinity:undefined:undefined:undefined:undefined":2,"s:40:4:42:Infinity":7,"s:41:6:41:Infinity":8,"s:44:20:44:Infinity":9,"b:46:4:48:Infinity:undefined:undefined:undefined:undefined":3,"s:46:4:48:Infinity":10,"b:46:8:46:27:46:27:46:46":4,"s:47:6:47:Infinity":11,"b:50:4:52:Infinity:undefined:undefined:undefined:undefined":5,"s:50:4:52:Infinity":12,"b:50:8:50:40:50:40:50:71":6,"s:51:6:51:Infinity":13,"s:54:4:54:Infinity":14,"s:55:4:55:Infinity":15,"s:57:4:57:Infinity":16,"b:59:4:61:Infinity:undefined:undefined:undefined:undefined":7,"s:59:4:61:Infinity":17,"s:60:6:60:Infinity":18,"s:62:4:62:Infinity":19,"s:70:6:70:Infinity":20,"s:71:15:71:Infinity":21,"s:73:0:128:Infinity":22,"f:73:22:73:29":1,"s:74:2:127:Infinity":23,"s:76:26:76:Infinity":24,"s:79:17:81:Infinity":25,"b:83:4:85:Infinity:undefined:undefined:undefined:undefined":8,"s:83:4:85:Infinity":26,"s:84:6:84:Infinity":27,"b:88:4:90:Infinity:undefined:undefined:undefined:undefined":9,"s:88:4:90:Infinity":28,"s:89:6:89:Infinity":29,"s:93:28:93:Infinity":30,"b:95:4:97:Infinity:undefined:undefined:undefined:undefined":10,"s:95:4:97:Infinity":31,"s:96:6:96:Infinity":32,"s:100:19:100:Infinity":33,"b:101:4:103:Infinity:undefined:undefined:undefined:undefined":11,"s:101:4:103:Infinity":34,"s:102:6:102:Infinity":35,"s:105:18:109:Infinity":36,"s:112:4:124:Infinity":37,"s:126:4:126:Infinity":38}}}
,"C:\\Users\\Lior\\Desktop\\abra AI bootcamp\\2_week\\8_Day\\Team_1_Time_Reporting_System\\backend\\src\\utils\\Bcrypt.ts": {"path":"C:\\Users\\Lior\\Desktop\\abra AI bootcamp\\2_week\\8_Day\\Team_1_Time_Reporting_System\\backend\\src\\utils\\Bcrypt.ts","statementMap":{"0":{"start":{"line":5,"column":4},"end":{"line":5,"column":null}},"1":{"start":{"line":9,"column":4},"end":{"line":11,"column":null}},"2":{"start":{"line":10,"column":6},"end":{"line":10,"column":null}},"3":{"start":{"line":12,"column":4},"end":{"line":16,"column":null}},"4":{"start":{"line":13,"column":6},"end":{"line":13,"column":null}},"5":{"start":{"line":15,"column":6},"end":{"line":15,"column":null}}},"fnMap":{"0":{"name":"(anonymous_0)","decl":{"start":{"line":4,"column":15},"end":{"line":4,"column":20}},"loc":{"start":{"line":4,"column":55},"end":{"line":6,"column":null}},"line":4},"1":{"name":"(anonymous_1)","decl":{"start":{"line":8,"column":15},"end":{"line":8,"column":23}},"loc":{"start":{"line":8,"column":73},"end":{"line":17,"column":null}},"line":8}},"branchMap":{"0":{"loc":{"start":{"line":9,"column":4},"end":{"line":11,"column":null}},"type":"if","locations":[{"start":{"line":9,"column":4},"end":{"line":11,"column":null}},{"start":{},"end":{}}],"line":9},"1":{"loc":{"start":{"line":9,"column":8},"end":{"line":9,"column":28}},"type":"binary-expr","locations":[{"start":{"line":9,"column":8},"end":{"line":9,"column":21}},{"start":{"line":9,"column":21},"end":{"line":9,"column":28}}],"line":9}},"s":{"0":13,"1":11,"2":3,"3":8,"4":8,"5":0},"f":{"0":2,"1":2},"b":{"0":[3,8],"1":[11,9]},"meta":{"lastBranch":2,"lastFunction":2,"lastStatement":6,"seen":{"f:4:15:4:20":0,"s:5:4:5:Infinity":0,"f:8:15:8:23":1,"b:9:4:11:Infinity:undefined:undefined:undefined:undefined":0,"s:9:4:11:Infinity":1,"b:9:8:9:21:9:21:9:28":1,"s:10:6:10:Infinity":2,"s:12:4:16:Infinity":3,"s:13:6:13:Infinity":4,"s:15:6:15:Infinity":5}}}
,"C:\\Users\\Lior\\Desktop\\abra AI bootcamp\\2_week\\8_Day\\Team_1_Time_Reporting_System\\backend\\src\\utils\\validationSchemas.ts": {"path":"C:\\Users\\Lior\\Desktop\\abra AI bootcamp\\2_week\\8_Day\\Team_1_Time_Reporting_System\\backend\\src\\utils\\validationSchemas.ts","statementMap":{"0":{"start":{"line":4,"column":27},"end":{"line":10,"column":null}},"1":{"start":{"line":7,"column":13},"end":{"line":7,"column":null}},"2":{"start":{"line":13,"column":32},"end":{"line":27,"column":null}},"3":{"start":{"line":15,"column":13},"end":{"line":15,"column":null}}},"fnMap":{"0":{"name":"(anonymous_0)","decl":{"start":{"line":7,"column":4},"end":{"line":7,"column":5}},"loc":{"start":{"line":7,"column":13},"end":{"line":7,"column":null}},"line":7},"1":{"name":"(anonymous_1)","decl":{"start":{"line":15,"column":4},"end":{"line":15,"column":5}},"loc":{"start":{"line":15,"column":13},"end":{"line":15,"column":null}},"line":15}},"branchMap":{},"s":{"0":2,"1":15,"2":2,"3":14},"f":{"0":15,"1":14},"b":{},"meta":{"lastBranch":0,"lastFunction":2,"lastStatement":4,"seen":{"s:4:27:10:Infinity":0,"f:7:4:7:5":0,"s:7:13:7:Infinity":1,"s:13:32:27:Infinity":2,"f:15:4:15:5":1,"s:15:13:15:Infinity":3}}}
}
